[35m[1mConsolidate compiler generated dependencies of target talker[0m
[ 50%] [32mBuilding CXX object CMakeFiles/talker.dir/src/publisher_member_function.cpp.o[0m
[100%] [32m[1mLinking CXX executable talker[0m
[100%] Built target talker
-- Install configuration: ""
-- Installing: /home/a/Downloads/roboticstask/ros2_workspace/install/cpp_pubsub/lib/cpp_pubsub/talker
-- Set runtime path of "/home/a/Downloads/roboticstask/ros2_workspace/install/cpp_pubsub/lib/cpp_pubsub/talker" to ""
-- Installing: /home/a/Downloads/roboticstask/ros2_workspace/install/cpp_pubsub/share/ament_index/resource_index/package_run_dependencies/cpp_pubsub
-- Installing: /home/a/Downloads/roboticstask/ros2_workspace/install/cpp_pubsub/share/ament_index/resource_index/parent_prefix_path/cpp_pubsub
-- Installing: /home/a/Downloads/roboticstask/ros2_workspace/install/cpp_pubsub/share/cpp_pubsub/environment/ament_prefix_path.sh
-- Installing: /home/a/Downloads/roboticstask/ros2_workspace/install/cpp_pubsub/share/cpp_pubsub/environment/ament_prefix_path.dsv
-- Installing: /home/a/Downloads/roboticstask/ros2_workspace/install/cpp_pubsub/share/cpp_pubsub/environment/path.sh
-- Installing: /home/a/Downloads/roboticstask/ros2_workspace/install/cpp_pubsub/share/cpp_pubsub/environment/path.dsv
-- Installing: /home/a/Downloads/roboticstask/ros2_workspace/install/cpp_pubsub/share/cpp_pubsub/local_setup.bash
-- Installing: /home/a/Downloads/roboticstask/ros2_workspace/install/cpp_pubsub/share/cpp_pubsub/local_setup.sh
-- Installing: /home/a/Downloads/roboticstask/ros2_workspace/install/cpp_pubsub/share/cpp_pubsub/local_setup.zsh
-- Installing: /home/a/Downloads/roboticstask/ros2_workspace/install/cpp_pubsub/share/cpp_pubsub/local_setup.dsv
-- Installing: /home/a/Downloads/roboticstask/ros2_workspace/install/cpp_pubsub/share/cpp_pubsub/package.dsv
-- Installing: /home/a/Downloads/roboticstask/ros2_workspace/install/cpp_pubsub/share/ament_index/resource_index/packages/cpp_pubsub
-- Installing: /home/a/Downloads/roboticstask/ros2_workspace/install/cpp_pubsub/share/cpp_pubsub/cmake/cpp_pubsubConfig.cmake
-- Installing: /home/a/Downloads/roboticstask/ros2_workspace/install/cpp_pubsub/share/cpp_pubsub/cmake/cpp_pubsubConfig-version.cmake
-- Installing: /home/a/Downloads/roboticstask/ros2_workspace/install/cpp_pubsub/share/cpp_pubsub/package.xml
