[0.012s] Invoking command in '/home/a/Downloads/roboticstask/ros2_workspace/build/cpp_pubsub': CMAKE_PREFIX_PATH=/opt/ros/humble /usr/bin/cmake --build /home/a/Downloads/roboticstask/ros2_workspace/build/cpp_pubsub -- -j4 -l4
[0.061s] [35m[1mConsolidate compiler generated dependencies of target talker[0m
[0.084s] [ 50%] [32mBuilding CXX object CMakeFiles/talker.dir/src/publisher_member_function.cpp.o[0m
[4.691s] [100%] [32m[1mLinking CXX executable talker[0m
[4.911s] [100%] Built target talker
[4.926s] Invoked command in '/home/a/Downloads/roboticstask/ros2_workspace/build/cpp_pubsub' returned '0': CMAKE_PREFIX_PATH=/opt/ros/humble /usr/bin/cmake --build /home/a/Downloads/roboticstask/ros2_workspace/build/cpp_pubsub -- -j4 -l4
[4.961s] Invoking command in '/home/a/Downloads/roboticstask/ros2_workspace/build/cpp_pubsub': CMAKE_PREFIX_PATH=/opt/ros/humble /usr/bin/cmake --install /home/a/Downloads/roboticstask/ros2_workspace/build/cpp_pubsub
[4.970s] -- Install configuration: ""
[4.970s] -- Installing: /home/a/Downloads/roboticstask/ros2_workspace/install/cpp_pubsub/lib/cpp_pubsub/talker
[4.971s] -- Set runtime path of "/home/a/Downloads/roboticstask/ros2_workspace/install/cpp_pubsub/lib/cpp_pubsub/talker" to ""
[4.971s] -- Installing: /home/a/Downloads/roboticstask/ros2_workspace/install/cpp_pubsub/share/ament_index/resource_index/package_run_dependencies/cpp_pubsub
[4.972s] -- Installing: /home/a/Downloads/roboticstask/ros2_workspace/install/cpp_pubsub/share/ament_index/resource_index/parent_prefix_path/cpp_pubsub
[4.972s] -- Installing: /home/a/Downloads/roboticstask/ros2_workspace/install/cpp_pubsub/share/cpp_pubsub/environment/ament_prefix_path.sh
[4.972s] -- Installing: /home/a/Downloads/roboticstask/ros2_workspace/install/cpp_pubsub/share/cpp_pubsub/environment/ament_prefix_path.dsv
[4.972s] -- Installing: /home/a/Downloads/roboticstask/ros2_workspace/install/cpp_pubsub/share/cpp_pubsub/environment/path.sh
[4.972s] -- Installing: /home/a/Downloads/roboticstask/ros2_workspace/install/cpp_pubsub/share/cpp_pubsub/environment/path.dsv
[4.973s] -- Installing: /home/a/Downloads/roboticstask/ros2_workspace/install/cpp_pubsub/share/cpp_pubsub/local_setup.bash
[4.973s] -- Installing: /home/a/Downloads/roboticstask/ros2_workspace/install/cpp_pubsub/share/cpp_pubsub/local_setup.sh
[4.973s] -- Installing: /home/a/Downloads/roboticstask/ros2_workspace/install/cpp_pubsub/share/cpp_pubsub/local_setup.zsh
[4.973s] -- Installing: /home/a/Downloads/roboticstask/ros2_workspace/install/cpp_pubsub/share/cpp_pubsub/local_setup.dsv
[4.973s] -- Installing: /home/a/Downloads/roboticstask/ros2_workspace/install/cpp_pubsub/share/cpp_pubsub/package.dsv
[4.973s] -- Installing: /home/a/Downloads/roboticstask/ros2_workspace/install/cpp_pubsub/share/ament_index/resource_index/packages/cpp_pubsub
[4.973s] -- Installing: /home/a/Downloads/roboticstask/ros2_workspace/install/cpp_pubsub/share/cpp_pubsub/cmake/cpp_pubsubConfig.cmake
[4.974s] -- Installing: /home/a/Downloads/roboticstask/ros2_workspace/install/cpp_pubsub/share/cpp_pubsub/cmake/cpp_pubsubConfig-version.cmake
[4.974s] -- Installing: /home/a/Downloads/roboticstask/ros2_workspace/install/cpp_pubsub/share/cpp_pubsub/package.xml
[4.976s] Invoked command in '/home/a/Downloads/roboticstask/ros2_workspace/build/cpp_pubsub' returned '0': CMAKE_PREFIX_PATH=/opt/ros/humble /usr/bin/cmake --install /home/a/Downloads/roboticstask/ros2_workspace/build/cpp_pubsub
