[0.018s] Invoking command in '/home/a/Downloads/roboticstask/ros2_workspace/build/cpp_pubsub': CMAKE_PREFIX_PATH=${CMAKE_PREFIX_PATH}:/opt/ros/humble /usr/bin/cmake --build /home/a/Downloads/roboticstask/ros2_workspace/build/cpp_pubsub -- -j4 -l4
[0.064s] [35m[1mConsolidate compiler generated dependencies of target talker[0m
[0.106s] [ 50%] [32mBuilding CXX object CMakeFiles/talker.dir/src/publisher_member_function.cpp.o[0m
[4.726s] [100%] [32m[1mLinking CXX executable talker[0m
[4.925s] [100%] Built target talker
[4.938s] Invoked command in '/home/a/Downloads/roboticstask/ros2_workspace/build/cpp_pubsub' returned '0': CMAKE_PREFIX_PATH=${CMAKE_PREFIX_PATH}:/opt/ros/humble /usr/bin/cmake --build /home/a/Downloads/roboticstask/ros2_workspace/build/cpp_pubsub -- -j4 -l4
[4.977s] Invoking command in '/home/a/Downloads/roboticstask/ros2_workspace/build/cpp_pubsub': CMAKE_PREFIX_PATH=${CMAKE_PREFIX_PATH}:/opt/ros/humble /usr/bin/cmake --install /home/a/Downloads/roboticstask/ros2_workspace/build/cpp_pubsub
[4.987s] -- Install configuration: ""
[4.987s] -- Installing: /home/a/Downloads/roboticstask/ros2_workspace/install/cpp_pubsub/lib/cpp_pubsub/talker
[4.989s] -- Set runtime path of "/home/a/Downloads/roboticstask/ros2_workspace/install/cpp_pubsub/lib/cpp_pubsub/talker" to ""
[4.989s] -- Up-to-date: /home/a/Downloads/roboticstask/ros2_workspace/install/cpp_pubsub/share/ament_index/resource_index/package_run_dependencies/cpp_pubsub
[4.989s] -- Up-to-date: /home/a/Downloads/roboticstask/ros2_workspace/install/cpp_pubsub/share/ament_index/resource_index/parent_prefix_path/cpp_pubsub
[4.990s] -- Up-to-date: /home/a/Downloads/roboticstask/ros2_workspace/install/cpp_pubsub/share/cpp_pubsub/environment/ament_prefix_path.sh
[4.990s] -- Up-to-date: /home/a/Downloads/roboticstask/ros2_workspace/install/cpp_pubsub/share/cpp_pubsub/environment/ament_prefix_path.dsv
[4.990s] -- Up-to-date: /home/a/Downloads/roboticstask/ros2_workspace/install/cpp_pubsub/share/cpp_pubsub/environment/path.sh
[4.990s] -- Up-to-date: /home/a/Downloads/roboticstask/ros2_workspace/install/cpp_pubsub/share/cpp_pubsub/environment/path.dsv
[4.990s] -- Up-to-date: /home/a/Downloads/roboticstask/ros2_workspace/install/cpp_pubsub/share/cpp_pubsub/local_setup.bash
[4.990s] -- Up-to-date: /home/a/Downloads/roboticstask/ros2_workspace/install/cpp_pubsub/share/cpp_pubsub/local_setup.sh
[4.990s] -- Up-to-date: /home/a/Downloads/roboticstask/ros2_workspace/install/cpp_pubsub/share/cpp_pubsub/local_setup.zsh
[4.990s] -- Up-to-date: /home/a/Downloads/roboticstask/ros2_workspace/install/cpp_pubsub/share/cpp_pubsub/local_setup.dsv
[4.990s] -- Installing: /home/a/Downloads/roboticstask/ros2_workspace/install/cpp_pubsub/share/cpp_pubsub/package.dsv
[4.990s] -- Up-to-date: /home/a/Downloads/roboticstask/ros2_workspace/install/cpp_pubsub/share/ament_index/resource_index/packages/cpp_pubsub
[4.990s] -- Up-to-date: /home/a/Downloads/roboticstask/ros2_workspace/install/cpp_pubsub/share/cpp_pubsub/cmake/cpp_pubsubConfig.cmake
[4.990s] -- Up-to-date: /home/a/Downloads/roboticstask/ros2_workspace/install/cpp_pubsub/share/cpp_pubsub/cmake/cpp_pubsubConfig-version.cmake
[4.990s] -- Up-to-date: /home/a/Downloads/roboticstask/ros2_workspace/install/cpp_pubsub/share/cpp_pubsub/package.xml
[4.993s] Invoked command in '/home/a/Downloads/roboticstask/ros2_workspace/build/cpp_pubsub' returned '0': CMAKE_PREFIX_PATH=${CMAKE_PREFIX_PATH}:/opt/ros/humble /usr/bin/cmake --install /home/a/Downloads/roboticstask/ros2_workspace/build/cpp_pubsub
