[0.674s] Invoking command in '/home/a/Downloads/roboticstask/ros2_workspace/src/py_pubsub': PYTHONPATH=/home/a/Downloads/roboticstask/ros2_workspace/build/py_pubsub/prefix_override:/home/a/Downloads/roboticstask/ros2_workspace/install/py_pubsub/lib/python3.10/site-packages:${PYTHONPATH} /usr/bin/python3 setup.py egg_info --egg-base ../../build/py_pubsub build --build-base /home/a/Downloads/roboticstask/ros2_workspace/build/py_pubsub/build install --record /home/a/Downloads/roboticstask/ros2_workspace/build/py_pubsub/install.log --single-version-externally-managed
[0.904s] running egg_info
[0.904s] creating ../../build/py_pubsub/py_pubsub.egg-info
[0.904s] writing ../../build/py_pubsub/py_pubsub.egg-info/PKG-INFO
[0.904s] writing dependency_links to ../../build/py_pubsub/py_pubsub.egg-info/dependency_links.txt
[0.905s] writing entry points to ../../build/py_pubsub/py_pubsub.egg-info/entry_points.txt
[0.905s] writing requirements to ../../build/py_pubsub/py_pubsub.egg-info/requires.txt
[0.905s] writing top-level names to ../../build/py_pubsub/py_pubsub.egg-info/top_level.txt
[0.905s] writing manifest file '../../build/py_pubsub/py_pubsub.egg-info/SOURCES.txt'
[0.906s] reading manifest file '../../build/py_pubsub/py_pubsub.egg-info/SOURCES.txt'
[0.907s] writing manifest file '../../build/py_pubsub/py_pubsub.egg-info/SOURCES.txt'
[0.907s] running build
[0.907s] running build_py
[0.908s] creating /home/a/Downloads/roboticstask/ros2_workspace/build/py_pubsub/build
[0.908s] creating /home/a/Downloads/roboticstask/ros2_workspace/build/py_pubsub/build/lib
[0.908s] creating /home/a/Downloads/roboticstask/ros2_workspace/build/py_pubsub/build/lib/py_pubsub
[0.908s] copying py_pubsub/__init__.py -> /home/a/Downloads/roboticstask/ros2_workspace/build/py_pubsub/build/lib/py_pubsub
[0.908s] copying py_pubsub/subscriber_member_function.py -> /home/a/Downloads/roboticstask/ros2_workspace/build/py_pubsub/build/lib/py_pubsub
[0.908s] running install
[0.910s] /usr/lib/python3/dist-packages/setuptools/command/install.py:34: SetuptoolsDeprecationWarning: setup.py install is deprecated. Use build and pip and other standards-based tools.
[0.910s]   warnings.warn(
[0.910s] running install_lib
[0.911s] creating /home/a/Downloads/roboticstask/ros2_workspace/install/py_pubsub/lib/python3.10/site-packages/py_pubsub
[0.911s] copying /home/a/Downloads/roboticstask/ros2_workspace/build/py_pubsub/build/lib/py_pubsub/__init__.py -> /home/a/Downloads/roboticstask/ros2_workspace/install/py_pubsub/lib/python3.10/site-packages/py_pubsub
[0.911s] copying /home/a/Downloads/roboticstask/ros2_workspace/build/py_pubsub/build/lib/py_pubsub/subscriber_member_function.py -> /home/a/Downloads/roboticstask/ros2_workspace/install/py_pubsub/lib/python3.10/site-packages/py_pubsub
[0.911s] byte-compiling /home/a/Downloads/roboticstask/ros2_workspace/install/py_pubsub/lib/python3.10/site-packages/py_pubsub/__init__.py to __init__.cpython-310.pyc
[0.911s] byte-compiling /home/a/Downloads/roboticstask/ros2_workspace/install/py_pubsub/lib/python3.10/site-packages/py_pubsub/subscriber_member_function.py to subscriber_member_function.cpython-310.pyc
[0.912s] running install_data
[0.912s] creating /home/a/Downloads/roboticstask/ros2_workspace/install/py_pubsub/share/ament_index
[0.913s] creating /home/a/Downloads/roboticstask/ros2_workspace/install/py_pubsub/share/ament_index/resource_index
[0.913s] creating /home/a/Downloads/roboticstask/ros2_workspace/install/py_pubsub/share/ament_index/resource_index/packages
[0.913s] copying resource/py_pubsub -> /home/a/Downloads/roboticstask/ros2_workspace/install/py_pubsub/share/ament_index/resource_index/packages
[0.913s] copying package.xml -> /home/a/Downloads/roboticstask/ros2_workspace/install/py_pubsub/share/py_pubsub
[0.913s] running install_egg_info
[0.915s] Copying ../../build/py_pubsub/py_pubsub.egg-info to /home/a/Downloads/roboticstask/ros2_workspace/install/py_pubsub/lib/python3.10/site-packages/py_pubsub-0.0.0-py3.10.egg-info
[0.915s] running install_scripts
[0.936s] Installing listener script to /home/a/Downloads/roboticstask/ros2_workspace/install/py_pubsub/lib/py_pubsub
[0.936s] writing list of installed files to '/home/a/Downloads/roboticstask/ros2_workspace/build/py_pubsub/install.log'
[0.962s] Invoked command in '/home/a/Downloads/roboticstask/ros2_workspace/src/py_pubsub' returned '0': PYTHONPATH=/home/a/Downloads/roboticstask/ros2_workspace/build/py_pubsub/prefix_override:/home/a/Downloads/roboticstask/ros2_workspace/install/py_pubsub/lib/python3.10/site-packages:${PYTHONPATH} /usr/bin/python3 setup.py egg_info --egg-base ../../build/py_pubsub build --build-base /home/a/Downloads/roboticstask/ros2_workspace/build/py_pubsub/build install --record /home/a/Downloads/roboticstask/ros2_workspace/build/py_pubsub/install.log --single-version-externally-managed
