[0.301s] DEBUG:colcon:Command line arguments: ['/usr/bin/colcon', 'build', '--packages-select', 'cpp_pubsub']
[0.301s] DEBUG:colcon:Parsed command line arguments: Namespace(log_base=None, log_level=None, verb_name='build', build_base='build', install_base='install', merge_install=False, symlink_install=False, test_result_base=None, continue_on_error=False, executor='parallel', parallel_workers=4, event_handlers=None, ignore_user_meta=False, metas=['./colcon.meta'], base_paths=['.'], packages_ignore=None, packages_ignore_regex=None, paths=None, packages_up_to=None, packages_up_to_regex=None, packages_above=None, packages_above_and_dependencies=None, packages_above_depth=None, packages_select_by_dep=None, packages_skip_by_dep=None, packages_skip_up_to=None, packages_select_build_failed=False, packages_skip_build_finished=False, packages_select_test_failures=False, packages_skip_test_passed=False, packages_select=['cpp_pubsub'], packages_skip=None, packages_select_regex=None, packages_skip_regex=None, packages_start=None, packages_end=None, allow_overriding=[], cmake_args=None, cmake_target=None, cmake_target_skip_unavailable=False, cmake_clean_cache=False, cmake_clean_first=False, cmake_force_configure=False, ament_cmake_args=None, catkin_cmake_args=None, catkin_skip_building_tests=False, verb_parser=<colcon_defaults.argument_parser.defaults.DefaultArgumentsDecorator object at 0x7f51cfe98640>, verb_extension=<colcon_core.verb.build.BuildVerb object at 0x7f51d068bc70>, main=<bound method BuildVerb.main of <colcon_core.verb.build.BuildVerb object at 0x7f51d068bc70>>)
[0.334s] Level 1:colcon.colcon_core.package_discovery:discover_packages(colcon_meta) check parameters
[0.334s] Level 1:colcon.colcon_core.package_discovery:discover_packages(recursive) check parameters
[0.335s] Level 1:colcon.colcon_core.package_discovery:discover_packages(ignore) check parameters
[0.335s] Level 1:colcon.colcon_core.package_discovery:discover_packages(path) check parameters
[0.335s] Level 1:colcon.colcon_core.package_discovery:discover_packages(colcon_meta) discover
[0.335s] Level 1:colcon.colcon_core.package_discovery:discover_packages(recursive) discover
[0.335s] INFO:colcon.colcon_core.package_discovery:Crawling recursively for packages in '/home/a/Downloads/roboticstask/ros2_workspace'
[0.335s] Level 1:colcon.colcon_core.package_identification:_identify(.) by extensions ['ignore', 'ignore_ament_install']
[0.335s] Level 1:colcon.colcon_core.package_identification:_identify(.) by extension 'ignore'
[0.335s] Level 1:colcon.colcon_core.package_identification:_identify(.) by extension 'ignore_ament_install'
[0.335s] Level 1:colcon.colcon_core.package_identification:_identify(.) by extensions ['colcon_pkg']
[0.335s] Level 1:colcon.colcon_core.package_identification:_identify(.) by extension 'colcon_pkg'
[0.335s] Level 1:colcon.colcon_core.package_identification:_identify(.) by extensions ['colcon_meta']
[0.335s] Level 1:colcon.colcon_core.package_identification:_identify(.) by extension 'colcon_meta'
[0.335s] Level 1:colcon.colcon_core.package_identification:_identify(.) by extensions ['ros']
[0.335s] Level 1:colcon.colcon_core.package_identification:_identify(.) by extension 'ros'
[0.346s] Level 1:colcon.colcon_core.package_identification:_identify(.) by extensions ['cmake', 'python']
[0.347s] Level 1:colcon.colcon_core.package_identification:_identify(.) by extension 'cmake'
[0.347s] Level 1:colcon.colcon_core.package_identification:_identify(.) by extension 'python'
[0.347s] Level 1:colcon.colcon_core.package_identification:_identify(.) by extensions ['python_setup_py']
[0.347s] Level 1:colcon.colcon_core.package_identification:_identify(.) by extension 'python_setup_py'
[0.347s] Level 1:colcon.colcon_core.package_identification:_identify(build) by extensions ['ignore', 'ignore_ament_install']
[0.347s] Level 1:colcon.colcon_core.package_identification:_identify(build) by extension 'ignore'
[0.347s] Level 1:colcon.colcon_core.package_identification:_identify(build) ignored
[0.347s] Level 1:colcon.colcon_core.package_identification:_identify(install) by extensions ['ignore', 'ignore_ament_install']
[0.347s] Level 1:colcon.colcon_core.package_identification:_identify(install) by extension 'ignore'
[0.347s] Level 1:colcon.colcon_core.package_identification:_identify(install) ignored
[0.347s] Level 1:colcon.colcon_core.package_identification:_identify(log) by extensions ['ignore', 'ignore_ament_install']
[0.347s] Level 1:colcon.colcon_core.package_identification:_identify(log) by extension 'ignore'
[0.347s] Level 1:colcon.colcon_core.package_identification:_identify(log) ignored
[0.347s] Level 1:colcon.colcon_core.package_identification:_identify(src) by extensions ['ignore', 'ignore_ament_install']
[0.348s] Level 1:colcon.colcon_core.package_identification:_identify(src) by extension 'ignore'
[0.348s] Level 1:colcon.colcon_core.package_identification:_identify(src) by extension 'ignore_ament_install'
[0.348s] Level 1:colcon.colcon_core.package_identification:_identify(src) by extensions ['colcon_pkg']
[0.348s] Level 1:colcon.colcon_core.package_identification:_identify(src) by extension 'colcon_pkg'
[0.348s] Level 1:colcon.colcon_core.package_identification:_identify(src) by extensions ['colcon_meta']
[0.348s] Level 1:colcon.colcon_core.package_identification:_identify(src) by extension 'colcon_meta'
[0.348s] Level 1:colcon.colcon_core.package_identification:_identify(src) by extensions ['ros']
[0.348s] Level 1:colcon.colcon_core.package_identification:_identify(src) by extension 'ros'
[0.348s] Level 1:colcon.colcon_core.package_identification:_identify(src) by extensions ['cmake', 'python']
[0.348s] Level 1:colcon.colcon_core.package_identification:_identify(src) by extension 'cmake'
[0.348s] Level 1:colcon.colcon_core.package_identification:_identify(src) by extension 'python'
[0.348s] Level 1:colcon.colcon_core.package_identification:_identify(src) by extensions ['python_setup_py']
[0.348s] Level 1:colcon.colcon_core.package_identification:_identify(src) by extension 'python_setup_py'
[0.348s] Level 1:colcon.colcon_core.package_identification:_identify(src/cpp_pubsub) by extensions ['ignore', 'ignore_ament_install']
[0.348s] Level 1:colcon.colcon_core.package_identification:_identify(src/cpp_pubsub) by extension 'ignore'
[0.348s] Level 1:colcon.colcon_core.package_identification:_identify(src/cpp_pubsub) by extension 'ignore_ament_install'
[0.348s] Level 1:colcon.colcon_core.package_identification:_identify(src/cpp_pubsub) by extensions ['colcon_pkg']
[0.348s] Level 1:colcon.colcon_core.package_identification:_identify(src/cpp_pubsub) by extension 'colcon_pkg'
[0.348s] Level 1:colcon.colcon_core.package_identification:_identify(src/cpp_pubsub) by extensions ['colcon_meta']
[0.348s] Level 1:colcon.colcon_core.package_identification:_identify(src/cpp_pubsub) by extension 'colcon_meta'
[0.348s] Level 1:colcon.colcon_core.package_identification:_identify(src/cpp_pubsub) by extensions ['ros']
[0.348s] Level 1:colcon.colcon_core.package_identification:_identify(src/cpp_pubsub) by extension 'ros'
[0.351s] DEBUG:colcon.colcon_core.package_identification:Package 'src/cpp_pubsub' with type 'ros.ament_cmake' and name 'cpp_pubsub'
[0.351s] Level 1:colcon.colcon_core.package_identification:_identify(src/py_pubsub) by extensions ['ignore', 'ignore_ament_install']
[0.351s] Level 1:colcon.colcon_core.package_identification:_identify(src/py_pubsub) by extension 'ignore'
[0.351s] Level 1:colcon.colcon_core.package_identification:_identify(src/py_pubsub) by extension 'ignore_ament_install'
[0.351s] Level 1:colcon.colcon_core.package_identification:_identify(src/py_pubsub) by extensions ['colcon_pkg']
[0.351s] Level 1:colcon.colcon_core.package_identification:_identify(src/py_pubsub) by extension 'colcon_pkg'
[0.351s] Level 1:colcon.colcon_core.package_identification:_identify(src/py_pubsub) by extensions ['colcon_meta']
[0.351s] Level 1:colcon.colcon_core.package_identification:_identify(src/py_pubsub) by extension 'colcon_meta'
[0.351s] Level 1:colcon.colcon_core.package_identification:_identify(src/py_pubsub) by extensions ['ros']
[0.351s] Level 1:colcon.colcon_core.package_identification:_identify(src/py_pubsub) by extension 'ros'
[0.352s] DEBUG:colcon.colcon_core.package_identification:Package 'src/py_pubsub' with type 'ros.ament_python' and name 'py_pubsub'
[0.352s] Level 1:colcon.colcon_core.package_discovery:discover_packages(recursive) using defaults
[0.352s] Level 1:colcon.colcon_core.package_discovery:discover_packages(ignore) discover
[0.352s] Level 1:colcon.colcon_core.package_discovery:discover_packages(ignore) using defaults
[0.352s] Level 1:colcon.colcon_core.package_discovery:discover_packages(path) discover
[0.352s] Level 1:colcon.colcon_core.package_discovery:discover_packages(path) using defaults
[0.377s] INFO:colcon.colcon_core.package_selection:Skipping not selected package 'py_pubsub' in 'src/py_pubsub'
[0.377s] Level 1:colcon.colcon_core.package_discovery:discover_packages(prefix_path) check parameters
[0.377s] Level 1:colcon.colcon_core.package_discovery:discover_packages(prefix_path) discover
[0.379s] DEBUG:colcon.colcon_installed_package_information.package_discovery:Found 2 installed packages in /home/a/Downloads/roboticstask/ros2_workspace/install
[0.381s] DEBUG:colcon.colcon_installed_package_information.package_discovery:Found 222 installed packages in /opt/ros/humble
[0.382s] Level 1:colcon.colcon_core.package_discovery:discover_packages(prefix_path) using defaults
[0.438s] Level 5:colcon.colcon_core.verb:set package 'cpp_pubsub' build argument 'cmake_args' from command line to 'None'
[0.439s] Level 5:colcon.colcon_core.verb:set package 'cpp_pubsub' build argument 'cmake_target' from command line to 'None'
[0.439s] Level 5:colcon.colcon_core.verb:set package 'cpp_pubsub' build argument 'cmake_target_skip_unavailable' from command line to 'False'
[0.439s] Level 5:colcon.colcon_core.verb:set package 'cpp_pubsub' build argument 'cmake_clean_cache' from command line to 'False'
[0.439s] Level 5:colcon.colcon_core.verb:set package 'cpp_pubsub' build argument 'cmake_clean_first' from command line to 'False'
[0.439s] Level 5:colcon.colcon_core.verb:set package 'cpp_pubsub' build argument 'cmake_force_configure' from command line to 'False'
[0.439s] Level 5:colcon.colcon_core.verb:set package 'cpp_pubsub' build argument 'ament_cmake_args' from command line to 'None'
[0.439s] Level 5:colcon.colcon_core.verb:set package 'cpp_pubsub' build argument 'catkin_cmake_args' from command line to 'None'
[0.439s] Level 5:colcon.colcon_core.verb:set package 'cpp_pubsub' build argument 'catkin_skip_building_tests' from command line to 'False'
[0.439s] DEBUG:colcon.colcon_core.verb:Building package 'cpp_pubsub' with the following arguments: {'ament_cmake_args': None, 'build_base': '/home/a/Downloads/roboticstask/ros2_workspace/build/cpp_pubsub', 'catkin_cmake_args': None, 'catkin_skip_building_tests': False, 'cmake_args': None, 'cmake_clean_cache': False, 'cmake_clean_first': False, 'cmake_force_configure': False, 'cmake_target': None, 'cmake_target_skip_unavailable': False, 'install_base': '/home/a/Downloads/roboticstask/ros2_workspace/install/cpp_pubsub', 'merge_install': False, 'path': '/home/a/Downloads/roboticstask/ros2_workspace/src/cpp_pubsub', 'symlink_install': False, 'test_result_base': None}
[0.441s] INFO:colcon.colcon_core.executor:Executing jobs using 'parallel' executor
[0.445s] DEBUG:colcon.colcon_parallel_executor.executor.parallel:run_until_complete
[0.446s] INFO:colcon.colcon_ros.task.ament_cmake.build:Building ROS package in '/home/a/Downloads/roboticstask/ros2_workspace/src/cpp_pubsub' with build type 'ament_cmake'
[0.446s] INFO:colcon.colcon_cmake.task.cmake.build:Building CMake package in '/home/a/Downloads/roboticstask/ros2_workspace/src/cpp_pubsub'
[0.451s] INFO:colcon.colcon_core.plugin_system:Skipping extension 'colcon_core.shell.bat': Not used on non-Windows systems
[0.451s] INFO:colcon.colcon_core.shell:Skip shell extension 'powershell' for command environment: Not usable outside of PowerShell
[0.451s] DEBUG:colcon.colcon_core.shell:Skip shell extension 'dsv' for command environment
[0.468s] DEBUG:colcon.colcon_core.event_handler.log_command:Invoking command in '/home/a/Downloads/roboticstask/ros2_workspace/build/cpp_pubsub': CMAKE_PREFIX_PATH=${CMAKE_PREFIX_PATH}:/opt/ros/humble /usr/bin/cmake --build /home/a/Downloads/roboticstask/ros2_workspace/build/cpp_pubsub -- -j4 -l4
[5.516s] DEBUG:colcon.colcon_core.event_handler.log_command:Invoked command in '/home/a/Downloads/roboticstask/ros2_workspace/build/cpp_pubsub' returned '0': CMAKE_PREFIX_PATH=${CMAKE_PREFIX_PATH}:/opt/ros/humble /usr/bin/cmake --build /home/a/Downloads/roboticstask/ros2_workspace/build/cpp_pubsub -- -j4 -l4
[5.556s] DEBUG:colcon.colcon_core.event_handler.log_command:Invoking command in '/home/a/Downloads/roboticstask/ros2_workspace/build/cpp_pubsub': CMAKE_PREFIX_PATH=${CMAKE_PREFIX_PATH}:/opt/ros/humble /usr/bin/cmake --install /home/a/Downloads/roboticstask/ros2_workspace/build/cpp_pubsub
[5.571s] Level 1:colcon.colcon_core.environment:create_environment_scripts_only(cpp_pubsub)
[5.572s] DEBUG:colcon.colcon_core.event_handler.log_command:Invoked command in '/home/a/Downloads/roboticstask/ros2_workspace/build/cpp_pubsub' returned '0': CMAKE_PREFIX_PATH=${CMAKE_PREFIX_PATH}:/opt/ros/humble /usr/bin/cmake --install /home/a/Downloads/roboticstask/ros2_workspace/build/cpp_pubsub
[5.577s] Level 1:colcon.colcon_core.environment:checking '/home/a/Downloads/roboticstask/ros2_workspace/install/cpp_pubsub' for CMake module files
[5.577s] Level 1:colcon.colcon_core.environment:checking '/home/a/Downloads/roboticstask/ros2_workspace/install/cpp_pubsub' for CMake config files
[5.577s] Level 1:colcon.colcon_core.shell:create_environment_hook('cpp_pubsub', 'cmake_prefix_path')
[5.578s] INFO:colcon.colcon_core.shell:Creating environment hook '/home/a/Downloads/roboticstask/ros2_workspace/install/cpp_pubsub/share/cpp_pubsub/hook/cmake_prefix_path.ps1'
[5.581s] INFO:colcon.colcon_core.shell:Creating environment descriptor '/home/a/Downloads/roboticstask/ros2_workspace/install/cpp_pubsub/share/cpp_pubsub/hook/cmake_prefix_path.dsv'
[5.582s] INFO:colcon.colcon_core.shell:Creating environment hook '/home/a/Downloads/roboticstask/ros2_workspace/install/cpp_pubsub/share/cpp_pubsub/hook/cmake_prefix_path.sh'
[5.583s] Level 1:colcon.colcon_core.environment:checking '/home/a/Downloads/roboticstask/ros2_workspace/install/cpp_pubsub/lib'
[5.583s] Level 1:colcon.colcon_core.environment:checking '/home/a/Downloads/roboticstask/ros2_workspace/install/cpp_pubsub/bin'
[5.583s] Level 1:colcon.colcon_core.environment:checking '/home/a/Downloads/roboticstask/ros2_workspace/install/cpp_pubsub/lib/pkgconfig/cpp_pubsub.pc'
[5.584s] Level 1:colcon.colcon_core.environment:checking '/home/a/Downloads/roboticstask/ros2_workspace/install/cpp_pubsub/lib/python3.10/site-packages'
[5.584s] Level 1:colcon.colcon_core.environment:checking '/home/a/Downloads/roboticstask/ros2_workspace/install/cpp_pubsub/bin'
[5.585s] INFO:colcon.colcon_core.shell:Creating package script '/home/a/Downloads/roboticstask/ros2_workspace/install/cpp_pubsub/share/cpp_pubsub/package.ps1'
[5.586s] INFO:colcon.colcon_core.shell:Creating package descriptor '/home/a/Downloads/roboticstask/ros2_workspace/install/cpp_pubsub/share/cpp_pubsub/package.dsv'
[5.587s] INFO:colcon.colcon_core.shell:Creating package script '/home/a/Downloads/roboticstask/ros2_workspace/install/cpp_pubsub/share/cpp_pubsub/package.sh'
[5.588s] INFO:colcon.colcon_core.shell:Creating package script '/home/a/Downloads/roboticstask/ros2_workspace/install/cpp_pubsub/share/cpp_pubsub/package.bash'
[5.588s] INFO:colcon.colcon_core.shell:Creating package script '/home/a/Downloads/roboticstask/ros2_workspace/install/cpp_pubsub/share/cpp_pubsub/package.zsh'
[5.589s] Level 1:colcon.colcon_core.environment:create_file_with_runtime_dependencies(/home/a/Downloads/roboticstask/ros2_workspace/install/cpp_pubsub/share/colcon-core/packages/cpp_pubsub)
[5.621s] Level 1:colcon.colcon_core.environment:create_environment_scripts_only(cpp_pubsub)
[5.623s] Level 1:colcon.colcon_core.environment:checking '/home/a/Downloads/roboticstask/ros2_workspace/install/cpp_pubsub' for CMake module files
[5.624s] Level 1:colcon.colcon_core.environment:checking '/home/a/Downloads/roboticstask/ros2_workspace/install/cpp_pubsub' for CMake config files
[5.624s] Level 1:colcon.colcon_core.shell:create_environment_hook('cpp_pubsub', 'cmake_prefix_path')
[5.625s] INFO:colcon.colcon_core.shell:Creating environment hook '/home/a/Downloads/roboticstask/ros2_workspace/install/cpp_pubsub/share/cpp_pubsub/hook/cmake_prefix_path.ps1'
[5.626s] INFO:colcon.colcon_core.shell:Creating environment descriptor '/home/a/Downloads/roboticstask/ros2_workspace/install/cpp_pubsub/share/cpp_pubsub/hook/cmake_prefix_path.dsv'
[5.627s] INFO:colcon.colcon_core.shell:Creating environment hook '/home/a/Downloads/roboticstask/ros2_workspace/install/cpp_pubsub/share/cpp_pubsub/hook/cmake_prefix_path.sh'
[5.627s] Level 1:colcon.colcon_core.environment:checking '/home/a/Downloads/roboticstask/ros2_workspace/install/cpp_pubsub/lib'
[5.628s] Level 1:colcon.colcon_core.environment:checking '/home/a/Downloads/roboticstask/ros2_workspace/install/cpp_pubsub/bin'
[5.628s] Level 1:colcon.colcon_core.environment:checking '/home/a/Downloads/roboticstask/ros2_workspace/install/cpp_pubsub/lib/pkgconfig/cpp_pubsub.pc'
[5.628s] Level 1:colcon.colcon_core.environment:checking '/home/a/Downloads/roboticstask/ros2_workspace/install/cpp_pubsub/lib/python3.10/site-packages'
[5.628s] Level 1:colcon.colcon_core.environment:checking '/home/a/Downloads/roboticstask/ros2_workspace/install/cpp_pubsub/bin'
[5.630s] INFO:colcon.colcon_core.shell:Creating package script '/home/a/Downloads/roboticstask/ros2_workspace/install/cpp_pubsub/share/cpp_pubsub/package.ps1'
[5.631s] INFO:colcon.colcon_core.shell:Creating package descriptor '/home/a/Downloads/roboticstask/ros2_workspace/install/cpp_pubsub/share/cpp_pubsub/package.dsv'
[5.631s] INFO:colcon.colcon_core.shell:Creating package script '/home/a/Downloads/roboticstask/ros2_workspace/install/cpp_pubsub/share/cpp_pubsub/package.sh'
[5.632s] INFO:colcon.colcon_core.shell:Creating package script '/home/a/Downloads/roboticstask/ros2_workspace/install/cpp_pubsub/share/cpp_pubsub/package.bash'
[5.633s] INFO:colcon.colcon_core.shell:Creating package script '/home/a/Downloads/roboticstask/ros2_workspace/install/cpp_pubsub/share/cpp_pubsub/package.zsh'
[5.633s] Level 1:colcon.colcon_core.environment:create_file_with_runtime_dependencies(/home/a/Downloads/roboticstask/ros2_workspace/install/cpp_pubsub/share/colcon-core/packages/cpp_pubsub)
[5.634s] DEBUG:colcon.colcon_parallel_executor.executor.parallel:closing loop
[5.635s] DEBUG:colcon.colcon_parallel_executor.executor.parallel:loop closed
[5.635s] DEBUG:colcon.colcon_parallel_executor.executor.parallel:run_until_complete finished with '0'
[5.635s] DEBUG:colcon.colcon_core.event_reactor:joining thread
[5.640s] INFO:colcon.colcon_core.plugin_system:Skipping extension 'colcon_notification.desktop_notification.terminal_notifier': Not used on non-Darwin systems
[5.640s] INFO:colcon.colcon_core.plugin_system:Skipping extension 'colcon_notification.desktop_notification.win32': Not used on non-Windows systems
[5.640s] INFO:colcon.colcon_notification.desktop_notification:Sending desktop notification using 'notify2'
[5.654s] DEBUG:colcon.colcon_core.event_reactor:joined thread
[5.655s] INFO:colcon.colcon_core.shell:Creating prefix script '/home/a/Downloads/roboticstask/ros2_workspace/install/local_setup.ps1'
[5.656s] INFO:colcon.colcon_core.shell:Creating prefix util module '/home/a/Downloads/roboticstask/ros2_workspace/install/_local_setup_util_ps1.py'
[5.658s] INFO:colcon.colcon_core.shell:Creating prefix chain script '/home/a/Downloads/roboticstask/ros2_workspace/install/setup.ps1'
[5.660s] INFO:colcon.colcon_core.shell:Creating prefix script '/home/a/Downloads/roboticstask/ros2_workspace/install/local_setup.sh'
[5.661s] INFO:colcon.colcon_core.shell:Creating prefix util module '/home/a/Downloads/roboticstask/ros2_workspace/install/_local_setup_util_sh.py'
[5.661s] INFO:colcon.colcon_core.shell:Creating prefix chain script '/home/a/Downloads/roboticstask/ros2_workspace/install/setup.sh'
[5.663s] INFO:colcon.colcon_core.shell:Creating prefix script '/home/a/Downloads/roboticstask/ros2_workspace/install/local_setup.bash'
[5.664s] INFO:colcon.colcon_core.shell:Creating prefix chain script '/home/a/Downloads/roboticstask/ros2_workspace/install/setup.bash'
[5.667s] INFO:colcon.colcon_core.shell:Creating prefix script '/home/a/Downloads/roboticstask/ros2_workspace/install/local_setup.zsh'
[5.668s] INFO:colcon.colcon_core.shell:Creating prefix chain script '/home/a/Downloads/roboticstask/ros2_workspace/install/setup.zsh'
