[0.017s] Invoking command in '/home/a/Downloads/roboticstask/ros2_workspace/build/cpp_pubsub': CMAKE_PREFIX_PATH=${CMAKE_PREFIX_PATH}:/opt/ros/humble /usr/bin/cmake --build /home/a/Downloads/roboticstask/ros2_workspace/build/cpp_pubsub -- -j4 -l4
[0.067s] [35m[1mConsolidate compiler generated dependencies of target talker[0m
[0.091s] [100%] Built target talker
[0.105s] Invoked command in '/home/a/Downloads/roboticstask/ros2_workspace/build/cpp_pubsub' returned '0': CMAKE_PREFIX_PATH=${CMAKE_PREFIX_PATH}:/opt/ros/humble /usr/bin/cmake --build /home/a/Downloads/roboticstask/ros2_workspace/build/cpp_pubsub -- -j4 -l4
[0.148s] Invoking command in '/home/a/Downloads/roboticstask/ros2_workspace/build/cpp_pubsub': CMAKE_PREFIX_PATH=${CMAKE_PREFIX_PATH}:/opt/ros/humble /usr/bin/cmake --install /home/a/Downloads/roboticstask/ros2_workspace/build/cpp_pubsub
[0.156s] -- Install configuration: ""
[0.157s] -- Up-to-date: /home/a/Downloads/roboticstask/ros2_workspace/install/cpp_pubsub/lib/cpp_pubsub/talker
[0.157s] -- Up-to-date: /home/a/Downloads/roboticstask/ros2_workspace/install/cpp_pubsub/share/ament_index/resource_index/package_run_dependencies/cpp_pubsub
[0.157s] -- Up-to-date: /home/a/Downloads/roboticstask/ros2_workspace/install/cpp_pubsub/share/ament_index/resource_index/parent_prefix_path/cpp_pubsub
[0.157s] -- Up-to-date: /home/a/Downloads/roboticstask/ros2_workspace/install/cpp_pubsub/share/cpp_pubsub/environment/ament_prefix_path.sh
[0.157s] -- Up-to-date: /home/a/Downloads/roboticstask/ros2_workspace/install/cpp_pubsub/share/cpp_pubsub/environment/ament_prefix_path.dsv
[0.157s] -- Up-to-date: /home/a/Downloads/roboticstask/ros2_workspace/install/cpp_pubsub/share/cpp_pubsub/environment/path.sh
[0.157s] -- Up-to-date: /home/a/Downloads/roboticstask/ros2_workspace/install/cpp_pubsub/share/cpp_pubsub/environment/path.dsv
[0.157s] -- Up-to-date: /home/a/Downloads/roboticstask/ros2_workspace/install/cpp_pubsub/share/cpp_pubsub/local_setup.bash
[0.157s] -- Up-to-date: /home/a/Downloads/roboticstask/ros2_workspace/install/cpp_pubsub/share/cpp_pubsub/local_setup.sh
[0.158s] -- Up-to-date: /home/a/Downloads/roboticstask/ros2_workspace/install/cpp_pubsub/share/cpp_pubsub/local_setup.zsh
[0.158s] -- Up-to-date: /home/a/Downloads/roboticstask/ros2_workspace/install/cpp_pubsub/share/cpp_pubsub/local_setup.dsv
[0.158s] -- Installing: /home/a/Downloads/roboticstask/ros2_workspace/install/cpp_pubsub/share/cpp_pubsub/package.dsv
[0.159s] -- Up-to-date: /home/a/Downloads/roboticstask/ros2_workspace/install/cpp_pubsub/share/ament_index/resource_index/packages/cpp_pubsub
[0.159s] -- Up-to-date: /home/a/Downloads/roboticstask/ros2_workspace/install/cpp_pubsub/share/cpp_pubsub/cmake/cpp_pubsubConfig.cmake
[0.159s] -- Up-to-date: /home/a/Downloads/roboticstask/ros2_workspace/install/cpp_pubsub/share/cpp_pubsub/cmake/cpp_pubsubConfig-version.cmake
[0.159s] -- Up-to-date: /home/a/Downloads/roboticstask/ros2_workspace/install/cpp_pubsub/share/cpp_pubsub/package.xml
[0.163s] Invoked command in '/home/a/Downloads/roboticstask/ros2_workspace/build/cpp_pubsub' returned '0': CMAKE_PREFIX_PATH=${CMAKE_PREFIX_PATH}:/opt/ros/humble /usr/bin/cmake --install /home/a/Downloads/roboticstask/ros2_workspace/build/cpp_pubsub
