[0.803s] Invoking command in '/home/a/Downloads/roboticstask/ros2_workspace/src/py_pubsub': PYTHONPATH=/home/a/Downloads/roboticstask/ros2_workspace/build/py_pubsub/prefix_override:/home/a/Downloads/roboticstask/ros2_workspace/install/py_pubsub/lib/python3.10/site-packages:${PYTHONPATH} /usr/bin/python3 setup.py egg_info --egg-base ../../build/py_pubsub build --build-base /home/a/Downloads/roboticstask/ros2_workspace/build/py_pubsub/build install --record /home/a/Downloads/roboticstask/ros2_workspace/build/py_pubsub/install.log --single-version-externally-managed
[1.085s] running egg_info
[1.086s] writing ../../build/py_pubsub/py_pubsub.egg-info/PKG-INFO
[1.086s] writing dependency_links to ../../build/py_pubsub/py_pubsub.egg-info/dependency_links.txt
[1.086s] writing entry points to ../../build/py_pubsub/py_pubsub.egg-info/entry_points.txt
[1.086s] writing requirements to ../../build/py_pubsub/py_pubsub.egg-info/requires.txt
[1.087s] writing top-level names to ../../build/py_pubsub/py_pubsub.egg-info/top_level.txt
[1.088s] reading manifest file '../../build/py_pubsub/py_pubsub.egg-info/SOURCES.txt'
[1.089s] writing manifest file '../../build/py_pubsub/py_pubsub.egg-info/SOURCES.txt'
[1.090s] running build
[1.090s] running build_py
[1.090s] copying py_pubsub/subscriber_member_function.py -> /home/a/Downloads/roboticstask/ros2_workspace/build/py_pubsub/build/lib/py_pubsub
[1.090s] running install
[1.090s] /usr/lib/python3/dist-packages/setuptools/command/install.py:34: SetuptoolsDeprecationWarning: setup.py install is deprecated. Use build and pip and other standards-based tools.
[1.090s]   warnings.warn(
[1.090s] running install_lib
[1.091s] copying /home/a/Downloads/roboticstask/ros2_workspace/build/py_pubsub/build/lib/py_pubsub/subscriber_member_function.py -> /home/a/Downloads/roboticstask/ros2_workspace/install/py_pubsub/lib/python3.10/site-packages/py_pubsub
[1.092s] byte-compiling /home/a/Downloads/roboticstask/ros2_workspace/install/py_pubsub/lib/python3.10/site-packages/py_pubsub/subscriber_member_function.py to subscriber_member_function.cpython-310.pyc
[1.093s] running install_data
[1.093s] running install_egg_info
[1.095s] removing '/home/a/Downloads/roboticstask/ros2_workspace/install/py_pubsub/lib/python3.10/site-packages/py_pubsub-0.0.0-py3.10.egg-info' (and everything under it)
[1.096s] Copying ../../build/py_pubsub/py_pubsub.egg-info to /home/a/Downloads/roboticstask/ros2_workspace/install/py_pubsub/lib/python3.10/site-packages/py_pubsub-0.0.0-py3.10.egg-info
[1.097s] running install_scripts
[1.120s] Installing listener script to /home/a/Downloads/roboticstask/ros2_workspace/install/py_pubsub/lib/py_pubsub
[1.121s] writing list of installed files to '/home/a/Downloads/roboticstask/ros2_workspace/build/py_pubsub/install.log'
[1.150s] Invoked command in '/home/a/Downloads/roboticstask/ros2_workspace/src/py_pubsub' returned '0': PYTHONPATH=/home/a/Downloads/roboticstask/ros2_workspace/build/py_pubsub/prefix_override:/home/a/Downloads/roboticstask/ros2_workspace/install/py_pubsub/lib/python3.10/site-packages:${PYTHONPATH} /usr/bin/python3 setup.py egg_info --egg-base ../../build/py_pubsub build --build-base /home/a/Downloads/roboticstask/ros2_workspace/build/py_pubsub/build install --record /home/a/Downloads/roboticstask/ros2_workspace/build/py_pubsub/install.log --single-version-externally-managed
